<?xml version="1.0" encoding="UTF-8"?>
<testng-results ignored="0" total="1" passed="1" failed="0" skipped="0">
  <reporter-output>
  </reporter-output>
  <suite started-at="2025-01-24T11:30:21 IST" name="MyTestSuite" finished-at="2025-01-24T11:30:28 IST" duration-ms="7321">
    <groups>
    </groups>
    <test started-at="2025-01-24T11:30:21 IST" name="Login Tests" finished-at="2025-01-24T11:30:28 IST" duration-ms="7321">
      <class name="Learning.Ecommerce">
        <test-method is-config="true" signature="setupLevel()[pri:0, instance:Learning.Ecommerce@13b13b5d]" started-at="2025-01-24T11:30:21 IST" name="setupLevel" finished-at="2025-01-24T11:30:24 IST" duration-ms="2877" status="PASS">
          <reporter-output>
          </reporter-output>
        </test-method> <!-- setupLevel -->
        <test-method signature="customerJourney()[pri:0, instance:Learning.Ecommerce@13b13b5d]" started-at="2025-01-24T11:30:24 IST" name="customerJourney" finished-at="2025-01-24T11:30:28 IST" duration-ms="3992" status="PASS">
          <reporter-output>
          </reporter-output>
        </test-method> <!-- customerJourney -->
        <test-method is-config="true" signature="teardown()[pri:0, instance:Learning.Ecommerce@13b13b5d]" started-at="2025-01-24T11:30:28 IST" name="teardown" finished-at="2025-01-24T11:30:28 IST" duration-ms="422" status="PASS">
          <reporter-output>
          </reporter-output>
        </test-method> <!-- teardown -->
      </class> <!-- Learning.Ecommerce -->
    </test> <!-- Login Tests -->
  </suite> <!-- MyTestSuite -->
</testng-results>
